#
# There is insufficient memory for the Java Runtime Environment to continue.
# Native memory allocation (malloc) failed to allocate 143824 bytes for Chunk::new
# Possible reasons:
#   The system is out of physical RAM or swap space
#   In 32 bit mode, the process size limit was hit
# Possible solutions:
#   Reduce memory load on the system
#   Increase physical memory or swap space
#   Check if swap backing store is full
#   Use 64 bit Java on a 64 bit OS
#   Decrease Java heap size (-Xmx/-Xms)
#   Decrease number of Java threads
#   Decrease Java thread stack sizes (-Xss)
#   Set larger code cache with -XX:ReservedCodeCacheSize=
# This output file may be truncated or incomplete.
#
#  Out of Memory Error (allocation.cpp:390), pid=13588, tid=0x00000000000019a0
#
# JRE version: Java(TM) SE Runtime Environment (8.0_171-b11) (build 1.8.0_171-b11)
# Java VM: Java HotSpot(TM) 64-Bit Server VM (25.171-b11 mixed mode windows-amd64 compressed oops)
# Failed to write core dump. Minidumps are not enabled by default on client versions of Windows
#

---------------  T H R E A D  ---------------

Current thread (0x000000001758c000):  JavaThread "C2 CompilerThread0" daemon [_thread_in_native, id=6560, stack(0x0000000018e80000,0x0000000018f80000)]

Stack: [0x0000000018e80000,0x0000000018f80000]
[error occurred during error reporting (printing stack bounds), id 0xc0000005]

Native frames: (J=compiled Java code, j=interpreted, Vv=VM code, C=native code)


Current CompileTask:
C2:   6513 3610       4       org.springframework.asm.MethodVisitor::visitMethodInsn (68 bytes)


---------------  P R O C E S S  ---------------

Java Threads: ( => current thread )
  0x000000001dde7800 JavaThread "Abandoned connection cleanup thread" daemon [_thread_blocked, id=15708, stack(0x000000001f2a0000,0x000000001f3a0000)]
  0x0000000018ae3800 JavaThread "surefire-forkedjvm-ping-30s" daemon [_thread_blocked, id=15652, stack(0x0000000019480000,0x0000000019580000)]
  0x00000000189ee800 JavaThread "surefire-forkedjvm-command-thread" daemon [_thread_in_native, id=14172, stack(0x0000000019380000,0x0000000019480000)]
  0x0000000018907800 JavaThread "Service Thread" daemon [_thread_blocked, id=13024, stack(0x0000000019180000,0x0000000019280000)]
  0x0000000018891800 JavaThread "C1 CompilerThread2" daemon [_thread_blocked, id=10828, stack(0x0000000019080000,0x0000000019180000)]
  0x000000001888d800 JavaThread "C2 CompilerThread1" daemon [_thread_in_native, id=8748, stack(0x0000000018f80000,0x0000000019080000)]
=>0x000000001758c000 JavaThread "C2 CompilerThread0" daemon [_thread_in_native, id=6560, stack(0x0000000018e80000,0x0000000018f80000)]
  0x000000001758a000 JavaThread "Attach Listener" daemon [_thread_blocked, id=13212, stack(0x0000000018d80000,0x0000000018e80000)]
  0x0000000017540000 JavaThread "Signal Dispatcher" daemon [_thread_blocked, id=2220, stack(0x0000000018c80000,0x0000000018d80000)]
  0x00000000029ed000 JavaThread "Finalizer" daemon [_thread_blocked, id=14340, stack(0x0000000018780000,0x0000000018880000)]
  0x00000000029e2000 JavaThread "Reference Handler" daemon [_thread_blocked, id=3236, stack(0x0000000018680000,0x0000000018780000)]
  0x00000000027ee800 JavaThread "main" [_thread_in_vm, id=14812, stack(0x00000000027f0000,0x00000000028f0000)]

Other Threads:
  0x00000000174f7000 VMThread [stack: 0x0000000018580000,0x0000000018680000] [id=11724]
  0x000000001893d000 WatcherThread [stack: 0x0000000019280000,0x0000000019380000] [id=15780]

VM state:not at safepoint (normal execution)

VM Mutex/Monitor currently owned by a thread: None

Heap:
 PSYoungGen      total 143360K, used 79807K [0x00000000d5e00000, 0x00000000e4e80000, 0x0000000100000000)
  eden space 131584K, 60% used [0x00000000d5e00000,0x00000000dabeffa0,0x00000000dde80000)
  from space 11776K, 0% used [0x00000000e4300000,0x00000000e4300000,0x00000000e4e80000)
  to   space 8704K, 0% used [0x00000000dde80000,0x00000000dde80000,0x00000000de700000)
 ParOldGen       total 46592K, used 12531K [0x0000000081a00000, 0x0000000084780000, 0x00000000d5e00000)
  object space 46592K, 26% used [0x0000000081a00000,0x000000008263cee8,0x0000000084780000)
 Metaspace       used 38878K, capacity 40210K, committed 40488K, reserved 1085440K
  class space    used 5061K, capacity 5337K, committed 5416K, reserved 1048576K

Card table byte_map: [0x0000000011db0000,0x00000000121b0000] byte_map_base: 0x00000000119a3000

Marking Bits: (ParMarkBitMap*) 0x000000005c3508c0
 Begin Bits: [0x0000000012860000, 0x00000000147f8000)
 End Bits:   [0x00000000147f8000, 0x0000000016790000)

Polling page: 0x00000000004a0000

CodeCache: size=245760Kb used=13315Kb max_used=13315Kb free=232444Kb
 bounds [0x00000000029f0000, 0x0000000003700000, 0x00000000119f0000]
 total_blobs=4076 nmethods=3605 adapters=383
 compilation: enabled

Compilation events (10 events):
Event: 6.497 Thread 0x0000000018891800 nmethod 3626 0x00000000036ea390 code [0x00000000036ea500, 0x00000000036ea750]
Event: 6.497 Thread 0x0000000018891800 3628       3       sun.reflect.generics.parser.SignatureParser::parseTypeVariableSignature (93 bytes)
Event: 6.498 Thread 0x0000000018891800 nmethod 3628 0x00000000036f2e90 code [0x00000000036f30e0, 0x00000000036f3bd8]
Event: 6.498 Thread 0x0000000018891800 3627       3       sun.reflect.generics.tree.TypeVariableSignature::<init> (10 bytes)
Event: 6.498 Thread 0x0000000018891800 nmethod 3627 0x00000000036f40d0 code [0x00000000036f4220, 0x00000000036f43f0]
Event: 6.498 Thread 0x0000000018891800 3631       3       sun.reflect.generics.scope.AbstractScope::lookup (66 bytes)
Event: 6.499 Thread 0x0000000018891800 nmethod 3631 0x00000000036f4490 code [0x00000000036f4660, 0x00000000036f4ea8]
Event: 6.499 Thread 0x0000000018891800 3630       3       sun.reflect.generics.reflectiveObjects.LazyReflectiveObjectGenerator::<init> (10 bytes)
Event: 6.499 Thread 0x0000000018891800 nmethod 3630 0x00000000036f51d0 code [0x00000000036f5320, 0x00000000036f54f0]
Event: 6.511 Thread 0x0000000018891800 3632       3       org.springframework.transaction.interceptor.AbstractFallbackTransactionAttributeSource::computeTransactionAttribute (112 bytes)

GC Heap History (10 events):
Event: 2.708 GC heap before
{Heap before GC invocations=6 (full 1):
 PSYoungGen      total 71680K, used 5106K [0x00000000d5e00000, 0x00000000df100000, 0x0000000100000000)
  eden space 66560K, 0% used [0x00000000d5e00000,0x00000000d5e00000,0x00000000d9f00000)
  from space 5120K, 99% used [0x00000000d9f00000,0x00000000da3fcaf8,0x00000000da400000)
  to   space 8704K, 0% used [0x00000000de880000,0x00000000de880000,0x00000000df100000)
 ParOldGen       total 87552K, used 5775K [0x0000000081a00000, 0x0000000086f80000, 0x00000000d5e00000)
  object space 87552K, 6% used [0x0000000081a00000,0x0000000081fa3f50,0x0000000086f80000)
 Metaspace       used 20632K, capacity 21236K, committed 21296K, reserved 1067008K
  class space    used 2658K, capacity 2838K, committed 2864K, reserved 1048576K
Event: 2.750 GC heap after
Heap after GC invocations=6 (full 1):
 PSYoungGen      total 71680K, used 0K [0x00000000d5e00000, 0x00000000df100000, 0x0000000100000000)
  eden space 66560K, 0% used [0x00000000d5e00000,0x00000000d5e00000,0x00000000d9f00000)
  from space 5120K, 0% used [0x00000000d9f00000,0x00000000d9f00000,0x00000000da400000)
  to   space 8704K, 0% used [0x00000000de880000,0x00000000de880000,0x00000000df100000)
 ParOldGen       total 46592K, used 5271K [0x0000000081a00000, 0x0000000084780000, 0x00000000d5e00000)
  object space 46592K, 11% used [0x0000000081a00000,0x0000000081f25df8,0x0000000084780000)
 Metaspace       used 20632K, capacity 21236K, committed 21296K, reserved 1067008K
  class space    used 2658K, capacity 2838K, committed 2864K, reserved 1048576K
}
Event: 3.694 GC heap before
{Heap before GC invocations=7 (full 1):
 PSYoungGen      total 71680K, used 66560K [0x00000000d5e00000, 0x00000000df100000, 0x0000000100000000)
  eden space 66560K, 100% used [0x00000000d5e00000,0x00000000d9f00000,0x00000000d9f00000)
  from space 5120K, 0% used [0x00000000d9f00000,0x00000000d9f00000,0x00000000da400000)
  to   space 8704K, 0% used [0x00000000de880000,0x00000000de880000,0x00000000df100000)
 ParOldGen       total 46592K, used 5271K [0x0000000081a00000, 0x0000000084780000, 0x00000000d5e00000)
  object space 46592K, 11% used [0x0000000081a00000,0x0000000081f25df8,0x0000000084780000)
 Metaspace       used 26292K, capacity 27114K, committed 27312K, reserved 1073152K
  class space    used 3335K, capacity 3499K, committed 3504K, reserved 1048576K
Event: 3.705 GC heap after
Heap after GC invocations=7 (full 1):
 PSYoungGen      total 130048K, used 7031K [0x00000000d5e00000, 0x00000000def80000, 0x0000000100000000)
  eden space 122880K, 0% used [0x00000000d5e00000,0x00000000d5e00000,0x00000000dd600000)
  from space 7168K, 98% used [0x00000000de880000,0x00000000def5dd80,0x00000000def80000)
  to   space 8704K, 0% used [0x00000000dde80000,0x00000000dde80000,0x00000000de700000)
 ParOldGen       total 46592K, used 5343K [0x0000000081a00000, 0x0000000084780000, 0x00000000d5e00000)
  object space 46592K, 11% used [0x0000000081a00000,0x0000000081f37e08,0x0000000084780000)
 Metaspace       used 26292K, capacity 27114K, committed 27312K, reserved 1073152K
  class space    used 3335K, capacity 3499K, committed 3504K, reserved 1048576K
}
Event: 5.431 GC heap before
{Heap before GC invocations=8 (full 1):
 PSYoungGen      total 130048K, used 129911K [0x00000000d5e00000, 0x00000000def80000, 0x0000000100000000)
  eden space 122880K, 100% used [0x00000000d5e00000,0x00000000dd600000,0x00000000dd600000)
  from space 7168K, 98% used [0x00000000de880000,0x00000000def5dd80,0x00000000def80000)
  to   space 8704K, 0% used [0x00000000dde80000,0x00000000dde80000,0x00000000de700000)
 ParOldGen       total 46592K, used 5343K [0x0000000081a00000, 0x0000000084780000, 0x00000000d5e00000)
  object space 46592K, 11% used [0x0000000081a00000,0x0000000081f37e08,0x0000000084780000)
 Metaspace       used 34170K, capacity 35354K, committed 35496K, reserved 1079296K
  class space    used 4396K, capacity 4665K, committed 4776K, reserved 1048576K
Event: 5.454 GC heap after
Heap after GC invocations=8 (full 1):
 PSYoungGen      total 140288K, used 8701K [0x00000000d5e00000, 0x00000000e4e80000, 0x0000000100000000)
  eden space 131584K, 0% used [0x00000000d5e00000,0x00000000d5e00000,0x00000000dde80000)
  from space 8704K, 99% used [0x00000000dde80000,0x00000000de6ff698,0x00000000de700000)
  to   space 11776K, 0% used [0x00000000e4300000,0x00000000e4300000,0x00000000e4e80000)
 ParOldGen       total 46592K, used 9071K [0x0000000081a00000, 0x0000000084780000, 0x00000000d5e00000)
  object space 46592K, 19% used [0x0000000081a00000,0x00000000822dbe88,0x0000000084780000)
 Metaspace       used 34170K, capacity 35354K, committed 35496K, reserved 1079296K
  class space    used 4396K, capacity 4665K, committed 4776K, reserved 1048576K
}
Event: 5.461 GC heap before
{Heap before GC invocations=9 (full 1):
 PSYoungGen      total 140288K, used 10587K [0x00000000d5e00000, 0x00000000e4e80000, 0x0000000100000000)
  eden space 131584K, 1% used [0x00000000d5e00000,0x00000000d5fd7758,0x00000000dde80000)
  from space 8704K, 99% used [0x00000000dde80000,0x00000000de6ff698,0x00000000de700000)
  to   space 11776K, 0% used [0x00000000e4300000,0x00000000e4300000,0x00000000e4e80000)
 ParOldGen       total 46592K, used 9071K [0x0000000081a00000, 0x0000000084780000, 0x00000000d5e00000)
  object space 46592K, 19% used [0x0000000081a00000,0x00000000822dbe88,0x0000000084780000)
 Metaspace       used 34176K, capacity 35354K, committed 35496K, reserved 1079296K
  class space    used 4397K, capacity 4665K, committed 4776K, reserved 1048576K
Event: 5.477 GC heap after
Heap after GC invocations=9 (full 1):
 PSYoungGen      total 143360K, used 7392K [0x00000000d5e00000, 0x00000000e4e80000, 0x0000000100000000)
  eden space 131584K, 0% used [0x00000000d5e00000,0x00000000d5e00000,0x00000000dde80000)
  from space 11776K, 62% used [0x00000000e4300000,0x00000000e4a38040,0x00000000e4e80000)
  to   space 8704K, 0% used [0x00000000dde80000,0x00000000dde80000,0x00000000de700000)
 ParOldGen       total 46592K, used 9079K [0x0000000081a00000, 0x0000000084780000, 0x00000000d5e00000)
  object space 46592K, 19% used [0x0000000081a00000,0x00000000822dde88,0x0000000084780000)
 Metaspace       used 34176K, capacity 35354K, committed 35496K, reserved 1079296K
  class space    used 4397K, capacity 4665K, committed 4776K, reserved 1048576K
}
Event: 5.477 GC heap before
{Heap before GC invocations=10 (full 2):
 PSYoungGen      total 143360K, used 7392K [0x00000000d5e00000, 0x00000000e4e80000, 0x0000000100000000)
  eden space 131584K, 0% used [0x00000000d5e00000,0x00000000d5e00000,0x00000000dde80000)
  from space 11776K, 62% used [0x00000000e4300000,0x00000000e4a38040,0x00000000e4e80000)
  to   space 8704K, 0% used [0x00000000dde80000,0x00000000dde80000,0x00000000de700000)
 ParOldGen       total 46592K, used 9079K [0x0000000081a00000, 0x0000000084780000, 0x00000000d5e00000)
  object space 46592K, 19% used [0x0000000081a00000,0x00000000822dde88,0x0000000084780000)
 Metaspace       used 34176K, capacity 35354K, committed 35496K, reserved 1079296K
  class space    used 4397K, capacity 4665K, committed 4776K, reserved 1048576K
Event: 5.544 GC heap after
Heap after GC invocations=10 (full 2):
 PSYoungGen      total 143360K, used 0K [0x00000000d5e00000, 0x00000000e4e80000, 0x0000000100000000)
  eden space 131584K, 0% used [0x00000000d5e00000,0x00000000d5e00000,0x00000000dde80000)
  from space 11776K, 0% used [0x00000000e4300000,0x00000000e4300000,0x00000000e4e80000)
  to   space 8704K, 0% used [0x00000000dde80000,0x00000000dde80000,0x00000000de700000)
 ParOldGen       total 46592K, used 12531K [0x0000000081a00000, 0x0000000084780000, 0x00000000d5e00000)
  object space 46592K, 26% used [0x0000000081a00000,0x000000008263cee8,0x0000000084780000)
 Metaspace       used 34176K, capacity 35354K, committed 35496K, reserved 1079296K
  class space    used 4397K, capacity 4665K, committed 4776K, reserved 1048576K
}

Deoptimization events (10 events):
Event: 5.251 Thread 0x000000001dde7800 Uncommon trap: reason=unstable_if action=reinterpret pc=0x0000000002fa7e74 method=java.io.WinNTFileSystem.resolve(Ljava/lang/String;Ljava/lang/String;)Ljava/lang/String; @ 19
Event: 5.260 Thread 0x00000000027ee800 Uncommon trap: reason=class_check action=maybe_recompile pc=0x000000000319f6dc method=java.util.concurrent.ConcurrentHashMap.putVal(Ljava/lang/Object;Ljava/lang/Object;Z)Ljava/lang/Object; @ 192
Event: 5.265 Thread 0x00000000027ee800 Uncommon trap: reason=unstable_if action=reinterpret pc=0x00000000033f8748 method=java.util.concurrent.ConcurrentHashMap.get(Ljava/lang/Object;)Ljava/lang/Object; @ 152
Event: 5.267 Thread 0x00000000027ee800 Uncommon trap: reason=class_check action=maybe_recompile pc=0x000000000319f6dc method=java.util.concurrent.ConcurrentHashMap.putVal(Ljava/lang/Object;Ljava/lang/Object;Z)Ljava/lang/Object; @ 192
Event: 5.287 Thread 0x00000000027ee800 Uncommon trap: reason=class_check action=maybe_recompile pc=0x000000000319f6dc method=java.util.concurrent.ConcurrentHashMap.putVal(Ljava/lang/Object;Ljava/lang/Object;Z)Ljava/lang/Object; @ 192
Event: 5.316 Thread 0x00000000027ee800 Uncommon trap: reason=unstable_if action=reinterpret pc=0x0000000002c28f38 method=java.lang.AbstractStringBuilder.append(Ljava/lang/String;)Ljava/lang/AbstractStringBuilder; @ 1
Event: 5.348 Thread 0x00000000027ee800 Uncommon trap: reason=unstable_if action=reinterpret pc=0x000000000318fec4 method=com.sun.org.apache.xerces.internal.impl.XMLEntityScanner.skipSpaces()Z @ 72
Event: 6.043 Thread 0x00000000027ee800 Uncommon trap: reason=bimorphic action=maybe_recompile pc=0x0000000002ed8ee0 method=java.util.regex.Matcher.match(II)Z @ 86
Event: 6.278 Thread 0x00000000027ee800 Uncommon trap: reason=unstable_if action=reinterpret pc=0x0000000003599af0 method=java.lang.Class.searchMethods([Ljava/lang/reflect/Method;Ljava/lang/String;[Ljava/lang/Class;)Ljava/lang/reflect/Method; @ 47
Event: 6.289 Thread 0x00000000027ee800 Uncommon trap: reason=unstable_if action=reinterpret pc=0x00000000036c06e0 method=org.springframework.beans.factory.support.AbstractBeanFactory.isTypeMatch(Ljava/lang/String;Lorg/springframework/core/ResolvableType;)Z @ 508

Classes redefined (0 events):
No events

Internal exceptions (10 events):
Event: 6.348 Thread 0x00000000027ee800 Exception <a 'java/lang/ClassNotFoundException': org/springframework/dao/support/PersistenceExceptionTranslatorCustomizer> (0x00000000d9bd2c68) thrown at [C:\re\workspace\8-2-build-windows-amd64-cygwin\jdk8u171\10807\hotspot\src\share\vm\classfile\systemD
Event: 6.348 Thread 0x00000000027ee800 Exception <a 'java/lang/ClassNotFoundException': org/springframework/data/redis/connection/ReactiveRedisConnectionFactoryCustomizer> (0x00000000d9bf82f0) thrown at [C:\re\workspace\8-2-build-windows-amd64-cygwin\jdk8u171\10807\hotspot\src\share\vm\classfi
Event: 6.349 Thread 0x00000000027ee800 Exception <a 'java/lang/ClassNotFoundException': org/springframework/dao/support/PersistenceExceptionTranslatorCustomizer> (0x00000000d9c1d4f8) thrown at [C:\re\workspace\8-2-build-windows-amd64-cygwin\jdk8u171\10807\hotspot\src\share\vm\classfile\systemD
Event: 6.489 Thread 0x00000000027ee800 Exception <a 'java/lang/ClassNotFoundException': java/lang/ObjectCustomizer> (0x00000000da89d178) thrown at [C:\re\workspace\8-2-build-windows-amd64-cygwin\jdk8u171\10807\hotspot\src\share\vm\classfile\systemDictionary.cpp, line 210]
Event: 6.490 Thread 0x00000000027ee800 Exception <a 'java/lang/ClassNotFoundException': org/springframework/data/redis/core/RedisAccessorCustomizer> (0x00000000da8be978) thrown at [C:\re\workspace\8-2-build-windows-amd64-cygwin\jdk8u171\10807\hotspot\src\share\vm\classfile\systemDictionary.cpp
Event: 6.491 Thread 0x00000000027ee800 Exception <a 'java/lang/ClassNotFoundException': org/springframework/data/redis/core/RedisTemplateCustomizer> (0x00000000da8e2890) thrown at [C:\re\workspace\8-2-build-windows-amd64-cygwin\jdk8u171\10807\hotspot\src\share\vm\classfile\systemDictionary.cpp
Event: 6.497 Thread 0x00000000027ee800 Exception <a 'java/lang/ClassNotFoundException': org/springframework/data/redis/core/RedisOperationsCustomizer> (0x00000000da9bf928) thrown at [C:\re\workspace\8-2-build-windows-amd64-cygwin\jdk8u171\10807\hotspot\src\share\vm\classfile\systemDictionary.c
Event: 6.499 Thread 0x00000000027ee800 Exception <a 'java/lang/ClassNotFoundException': org/springframework/beans/factory/BeanClassLoaderAwareCustomizer> (0x00000000daa3fa88) thrown at [C:\re\workspace\8-2-build-windows-amd64-cygwin\jdk8u171\10807\hotspot\src\share\vm\classfile\systemDictionar
Event: 6.500 Thread 0x00000000027ee800 Exception <a 'java/lang/ClassNotFoundException': org/springframework/beans/factory/AwareCustomizer> (0x00000000daa5ada0) thrown at [C:\re\workspace\8-2-build-windows-amd64-cygwin\jdk8u171\10807\hotspot\src\share\vm\classfile\systemDictionary.cpp, line 210
Event: 6.500 Thread 0x00000000027ee800 Exception <a 'java/lang/ClassNotFoundException': org/springframework/beans/factory/InitializingBeanCustomizer> (0x00000000daa78ce8) thrown at [C:\re\workspace\8-2-build-windows-amd64-cygwin\jdk8u171\10807\hotspot\src\share\vm\classfile\systemDictionary.cp

Events (10 events):
Event: 6.504 loading class org/springframework/core/serializer/support/DeserializingConverter
Event: 6.504 loading class org/springframework/core/serializer/support/DeserializingConverter done
Event: 6.505 loading class org/springframework/core/serializer/Deserializer
Event: 6.505 loading class org/springframework/core/serializer/Deserializer done
Event: 6.505 loading class org/springframework/core/serializer/DefaultDeserializer
Event: 6.505 loading class org/springframework/core/serializer/DefaultDeserializer done
Event: 6.506 loading class org/springframework/core/ConfigurableObjectInputStream
Event: 6.506 loading class org/springframework/core/ConfigurableObjectInputStream done
Event: 6.506 loading class org/springframework/data/redis/core/script/DefaultScriptExecutor
Event: 6.506 loading class org/springframework/data/redis/core/script/DefaultScriptExecutor done


Dynamic libraries:
0x00007ff6edb90000 - 0x00007ff6edbc7000 	C:\Program Files\Java\jdk1.8.0_171\jre\bin\java.exe
0x00007ff873d60000 - 0x00007ff873f41000 	C:\WINDOWS\SYSTEM32\ntdll.dll
0x00007ff873c70000 - 0x00007ff873d21000 	C:\WINDOWS\System32\KERNEL32.DLL
0x00007ff86fe30000 - 0x00007ff8700a3000 	C:\WINDOWS\System32\KERNELBASE.dll
0x00007ff873970000 - 0x00007ff873a11000 	C:\WINDOWS\System32\ADVAPI32.dll
0x00007ff8736d0000 - 0x00007ff87376e000 	C:\WINDOWS\System32\msvcrt.dll
0x00007ff873a20000 - 0x00007ff873a7b000 	C:\WINDOWS\System32\sechost.dll
0x00007ff871f10000 - 0x00007ff872034000 	C:\WINDOWS\System32\RPCRT4.dll
0x00007ff871b10000 - 0x00007ff871ca0000 	C:\WINDOWS\System32\USER32.dll
0x00007ff870ff0000 - 0x00007ff871010000 	C:\WINDOWS\System32\win32u.dll
0x00007ff871d40000 - 0x00007ff871d68000 	C:\WINDOWS\System32\GDI32.dll
0x00007ff870c40000 - 0x00007ff870dd1000 	C:\WINDOWS\System32\gdi32full.dll
0x00007ff870f50000 - 0x00007ff870fef000 	C:\WINDOWS\System32\msvcp_win.dll
0x00007ff8708d0000 - 0x00007ff8709c8000 	C:\WINDOWS\System32\ucrtbase.dll
0x00007ff861640000 - 0x00007ff8618a9000 	C:\WINDOWS\WinSxS\amd64_microsoft.windows.common-controls_6595b64144ccf1df_6.0.17134.885_none_fb42a3473065565f\COMCTL32.dll
0x00007ff8717e0000 - 0x00007ff871b02000 	C:\WINDOWS\System32\combase.dll
0x00007ff8709d0000 - 0x00007ff870a49000 	C:\WINDOWS\System32\bcryptPrimitives.dll
0x00007ff873ae0000 - 0x00007ff873b0d000 	C:\WINDOWS\System32\IMM32.DLL
0x000000005b580000 - 0x000000005b652000 	C:\Program Files\Java\jdk1.8.0_171\jre\bin\msvcr100.dll
0x000000005bb30000 - 0x000000005c3d0000 	C:\Program Files\Java\jdk1.8.0_171\jre\bin\server\jvm.dll
0x00007ff871010000 - 0x00007ff871033000 	C:\WINDOWS\System32\WINMM.dll
0x00007ff86fdc0000 - 0x00007ff86fdea000 	C:\WINDOWS\System32\WINMMBASE.dll
0x00007ff870f00000 - 0x00007ff870f49000 	C:\WINDOWS\System32\cfgmgr32.dll
0x00007ff873770000 - 0x00007ff873778000 	C:\WINDOWS\System32\PSAPI.DLL
0x00007ff85f550000 - 0x00007ff85f559000 	C:\WINDOWS\SYSTEM32\WSOCK32.dll
0x00007ff873780000 - 0x00007ff8737ec000 	C:\WINDOWS\System32\WS2_32.dll
0x00007ff86a710000 - 0x00007ff86a71a000 	C:\WINDOWS\SYSTEM32\VERSION.dll
0x000000005ba40000 - 0x000000005ba4f000 	C:\Program Files\Java\jdk1.8.0_171\jre\bin\verify.dll
0x000000005ba10000 - 0x000000005ba39000 	C:\Program Files\Java\jdk1.8.0_171\jre\bin\java.dll
0x000000005b9f0000 - 0x000000005ba06000 	C:\Program Files\Java\jdk1.8.0_171\jre\bin\zip.dll
0x00007ff872040000 - 0x00007ff873480000 	C:\WINDOWS\System32\SHELL32.dll
0x00007ff873480000 - 0x00007ff873529000 	C:\WINDOWS\System32\shcore.dll
0x00007ff8700b0000 - 0x00007ff8707bd000 	C:\WINDOWS\System32\windows.storage.dll
0x00007ff873a80000 - 0x00007ff873ad1000 	C:\WINDOWS\System32\shlwapi.dll
0x00007ff86fe10000 - 0x00007ff86fe21000 	C:\WINDOWS\System32\kernel.appcore.dll
0x00007ff86fda0000 - 0x00007ff86fdbf000 	C:\WINDOWS\System32\profapi.dll
0x00007ff870880000 - 0x00007ff8708cc000 	C:\WINDOWS\System32\powrprof.dll
0x00007ff86fd90000 - 0x00007ff86fd9a000 	C:\WINDOWS\System32\FLTLIB.DLL
0x000000005b7d0000 - 0x000000005b7dd000 	C:\Program Files\Java\jdk1.8.0_171\jre\bin\management.dll
0x000000005b9a0000 - 0x000000005b9ba000 	C:\Program Files\Java\jdk1.8.0_171\jre\bin\net.dll
0x00007ff86f5f0000 - 0x00007ff86f656000 	C:\WINDOWS\system32\mswsock.dll
0x000000005b980000 - 0x000000005b991000 	C:\Program Files\Java\jdk1.8.0_171\jre\bin\nio.dll
0x00007ff859980000 - 0x00007ff859996000 	C:\WINDOWS\system32\napinsp.dll
0x00007ff859960000 - 0x00007ff85997a000 	C:\WINDOWS\system32\pnrpnsp.dll
0x00007ff86c8b0000 - 0x00007ff86c8c9000 	C:\WINDOWS\system32\NLAapi.dll
0x00007ff86f3c0000 - 0x00007ff86f47e000 	C:\WINDOWS\SYSTEM32\DNSAPI.dll
0x00007ff873870000 - 0x00007ff873878000 	C:\WINDOWS\System32\NSI.dll
0x00007ff86f380000 - 0x00007ff86f3b8000 	C:\WINDOWS\SYSTEM32\IPHLPAPI.DLL
0x00007ff859950000 - 0x00007ff85995e000 	C:\WINDOWS\System32\winrnr.dll
0x00007ff86afb0000 - 0x00007ff86afc5000 	C:\WINDOWS\System32\wshbth.dll
0x00007ff8656d0000 - 0x00007ff8656da000 	C:\Windows\System32\rasadhlp.dll
0x00007ff865a60000 - 0x00007ff865ad2000 	C:\WINDOWS\System32\fwpuclnt.dll
0x00007ff86f8d0000 - 0x00007ff86f8f5000 	C:\WINDOWS\SYSTEM32\bcrypt.dll

VM Arguments:
java_command: C:\Users\Koliday\AppData\Local\Temp\surefire2502925965595591096\surefirebooter2731750051080654171.jar C:\Users\Koliday\AppData\Local\Temp\surefire2502925965595591096 2019-09-25T20-30-19_499-jvmRun1 surefire2284831357378694224tmp surefire_02366109345561125709tmp
java_class_path (initial): C:\Users\Koliday\AppData\Local\Temp\surefire2502925965595591096\surefirebooter2731750051080654171.jar
Launcher Type: SUN_STANDARD

Environment Variables:
JAVA_HOME=C:\Program Files\Java\jdk1.8.0_171
PATH=D:\xshell\;D:\python\Scripts\;D:\python\;C:\ProgramData\Oracle\Java\javapath;D:\QT\5.9.1\msvc2017_64\bin;D:\QT\5.9.1\mingw53_32\bin;C:\Program Files\Microsoft SQL Server\130\Tools\Binn\;C:\Program Files\Microsoft SQL Server\110\Tools\Binn\;D:\java\apache-tomcat-9.0.5\bin;C:\WINDOWS\system32;C:\WINDOWS;C:\WINDOWS\System32\Wbem;C:\WINDOWS\System32\WindowsPowerShell\v1.0\;D:\sdk\android\tools;D:\sdk\android\platform-tools;C:\WINDOWS\System32\OpenSSH\;C:\Program Files\NVIDIA Corporation\NVIDIA NvDLISR;C:\Program Files\Intel\WiFi\bin\;C:\Program Files\Common Files\Intel\WirelessCommon\;D:\Git\Git\cmd;.;C:\Program Files\Java\jdk1.8.0_171\bin;C:\Program Files\Java\jdk1.8.0_171\jre\bin;;C:\Users\Koliday\AppData\Local\Microsoft\WindowsApps;%ANDROID_SDK_HOME%\platform-tools;%ANDROID_SDK_HOME%\tools;D:\pycharm\PyCharm 2018.3\bin;;D:\MongoDB\bin;D:\maven\apache-maven-3.6.1\bin
USERNAME=Koliday
OS=Windows_NT
PROCESSOR_IDENTIFIER=Intel64 Family 6 Model 94 Stepping 3, GenuineIntel



---------------  S Y S T E M  ---------------

OS: Windows 10.0 , 64 bit Build 17134 (10.0.17134.753)

CPU:total 4 (initial active 4) (4 cores per cpu, 1 threads per core) family 6 model 94 stepping 3, cmov, cx8, fxsr, mmx, sse, sse2, sse3, ssse3, sse4.1, sse4.2, popcnt, avx, avx2, aes, clmul, erms, rtm, 3dnowpref, lzcnt, tsc, tscinvbit, bmi1, bmi2, adx

Memory: 4k page, physical 8275872k(2058992k free), swap 8800160k(5288k free)

vm_info: Java HotSpot(TM) 64-Bit Server VM (25.171-b11) for windows-amd64 JRE (1.8.0_171-b11), built on Mar 28 2018 16:06:12 by "java_re" with MS VC++ 10.0 (VS2010)

time: Wed Sep 25 20:30:27 2019
elapsed time: 6 seconds (0d 0h 0m 6s)

